Using pre-set license
Built from '2020.3/staging' branch; Version is '2020.3.4f1 (0abb6314276a) revision 703331'; Using compiler version '192528614'; Build Type 'Release'
OS: 'Windows 10 Education; OS build 19042.928; Version 2009; 64bit' Language: 'ko' Physical Memory: 32706 MB
BatchMode: 1, IsHumanControllingUs: 0, StartBugReporterOnCrash: 0, Is64bit: 1, IsPro: 0

 COMMAND LINE ARGUMENTS:
C:\Program Files\Unity\Hub\Editor\2020.3.4f1\Editor\Unity.exe
-adb2
-batchMode
-noUpm
-name
AssetImportWorker0
-projectPath
D:/Git Repository/SpaceWallPaper
-logFile
Logs/AssetImportWorker0.log
-srvPort
56280
Successfully changed project path to: D:/Git Repository/SpaceWallPaper
D:/Git Repository/SpaceWallPaper
Using Asset Import Pipeline V2.
Refreshing native plugins compatible for Editor in 28.59 ms, found 0 plugins.
Preloading 0 native plugins for Editor in 0.00 ms.
Initialize engine version: 2020.3.4f1 (0abb6314276a)
[Subsystems] Discovering subsystems at path C:/Program Files/Unity/Hub/Editor/2020.3.4f1/Editor/Data/Resources/UnitySubsystems
[Subsystems] Discovering subsystems at path D:/Git Repository/SpaceWallPaper/Assets
GfxDevice: creating device client; threaded=0
Direct3D:
    Version:  Direct3D 11.0 [level 11.1]
    Renderer: NVIDIA GeForce RTX 3070 (ID=0x2484)
    Vendor:   
    VRAM:     8043 MB
    Driver:   27.21.14.6172
Initialize mono
Mono path[0] = 'C:/Program Files/Unity/Hub/Editor/2020.3.4f1/Editor/Data/Managed'
Mono path[1] = 'C:/Program Files/Unity/Hub/Editor/2020.3.4f1/Editor/Data/MonoBleedingEdge/lib/mono/unityjit'
Mono config path = 'C:/Program Files/Unity/Hub/Editor/2020.3.4f1/Editor/Data/MonoBleedingEdge/etc'
Using monoOptions --debugger-agent=transport=dt_socket,embedding=1,server=y,suspend=n,address=127.0.0.1:56980
Begin MonoManager ReloadAssembly
Registering precompiled unity dll's ...
Register platform support module: C:/Program Files/Unity/Hub/Editor/2020.3.4f1/Editor/Data/PlaybackEngines/WindowsStandaloneSupport/UnityEditor.WindowsStandalone.Extensions.dll
Registered in 0.001564 seconds.
Native extension for WindowsStandalone target not found
Refreshing native plugins compatible for Editor in 28.85 ms, found 0 plugins.
Preloading 0 native plugins for Editor in 0.00 ms.
Mono: successfully reloaded assembly
- Completed reload, in  1.382 seconds
Platform modules already initialized, skipping
Registering precompiled user dll's ...
Registered in 0.000831 seconds.
Begin MonoManager ReloadAssembly
Native extension for WindowsStandalone target not found
Refreshing native plugins compatible for Editor in 0.27 ms, found 0 plugins.
Preloading 0 native plugins for Editor in 0.00 ms.
Mono: successfully reloaded assembly
- Completed reload, in  0.727 seconds
Platform modules already initialized, skipping
========================================================================
Worker process is ready to serve import requests
Launched and connected shader compiler UnityShaderCompiler.exe after 0.03 seconds
Refreshing native plugins compatible for Editor in 0.27 ms, found 0 plugins.
Preloading 0 native plugins for Editor in 0.00 ms.
Unloading 1399 Unused Serialized files (Serialized files now loaded: 0)
System memory in use before: 163.6 MB.
System memory in use after: 163.7 MB.

Unloading 15 unused Assets to reduce memory usage. Loaded Objects now: 1877.
Total: 1.872600 ms (FindLiveObjects: 0.158700 ms CreateObjectMapping: 0.165800 ms MarkObjects: 1.438900 ms  DeleteObjects: 0.108100 ms)

========================================================================
Received Import Request.
  path: Assets/Scenes/Earth with Lights/Sky and Fog Settings Profile.asset
  artifactKey: Guid(d4947ede55dd8524cad952007bcffbb5) Importer(815301076,1909f56bfc062723c751e8b465ee728b)
Start importing Assets/Scenes/Earth with Lights/Sky and Fog Settings Profile.asset using Guid(d4947ede55dd8524cad952007bcffbb5) Importer(815301076,1909f56bfc062723c751e8b465ee728b)  -> (artifact id: '5e66ec62755287f703b5cc843e81f6f8') in 0.022293 seconds
  Import took 0.024464 seconds .

========================================================================
Received Import Request.
  Time since last request: 774.623836 seconds.
  path: Assets/Resources/Materials/Fog.mat
  artifactKey: Guid(4adbcacf4a3bdc04da1bd5f6d9abb496) Importer(815301076,1909f56bfc062723c751e8b465ee728b)
Start importing Assets/Resources/Materials/Fog.mat using Guid(4adbcacf4a3bdc04da1bd5f6d9abb496) Importer(815301076,1909f56bfc062723c751e8b465ee728b)  -> (artifact id: '88261c6b923ad1dda33ea4c21def59bd') in 0.076192 seconds
  Import took 0.078686 seconds .

========================================================================
Received Import Request.
  Time since last request: 8.416409 seconds.
  path: Assets/Resources/Materials/Fog.png
  artifactKey: Guid(bd1ae2f5119a17f47aa1d53b188a3d24) Importer(815301076,1909f56bfc062723c751e8b465ee728b)
Start importing Assets/Resources/Materials/Fog.png using Guid(bd1ae2f5119a17f47aa1d53b188a3d24) Importer(815301076,1909f56bfc062723c751e8b465ee728b)  -> (artifact id: '819a1e376f392f965c9cc8813f6fb5af') in 0.016890 seconds
  Import took 0.063473 seconds .

========================================================================
Received Import Request.
  Time since last request: 17.973125 seconds.
  path: Assets/Resources/Materials/Fog.png
  artifactKey: Guid(bd1ae2f5119a17f47aa1d53b188a3d24) Importer(815301076,1909f56bfc062723c751e8b465ee728b)
Start importing Assets/Resources/Materials/Fog.png using Guid(bd1ae2f5119a17f47aa1d53b188a3d24) Importer(815301076,1909f56bfc062723c751e8b465ee728b)  -> (artifact id: 'ea4fa271d7c8c45782981baddc86cead') in 0.021176 seconds
  Import took 0.029343 seconds .

========================================================================
Received Import Request.
  Time since last request: 51.807865 seconds.
  path: Assets/Resources/Materials/Fog.png
  artifactKey: Guid(bd1ae2f5119a17f47aa1d53b188a3d24) Importer(815301076,1909f56bfc062723c751e8b465ee728b)
Start importing Assets/Resources/Materials/Fog.png using Guid(bd1ae2f5119a17f47aa1d53b188a3d24) Importer(815301076,1909f56bfc062723c751e8b465ee728b)  -> (artifact id: '862a81d8ea01ee44c9707beb36d9fbe6') in 0.004914 seconds
  Import took 0.017535 seconds .

========================================================================
Received Import Request.
  Time since last request: 0.002347 seconds.
  path: Assets/Resources/Materials/Fog.png
  artifactKey: Guid(bd1ae2f5119a17f47aa1d53b188a3d24) Importer(815301076,1909f56bfc062723c751e8b465ee728b)
Start importing Assets/Resources/Materials/Fog.png using Guid(bd1ae2f5119a17f47aa1d53b188a3d24) Importer(815301076,1909f56bfc062723c751e8b465ee728b)  -> (artifact id: '862a81d8ea01ee44c9707beb36d9fbe6') in 0.007267 seconds
  Import took 0.009331 seconds .

========================================================================
Received Import Request.
  Time since last request: 152.111025 seconds.
  path: Assets/Resources/Materials/Fog.png
  artifactKey: Guid(bd1ae2f5119a17f47aa1d53b188a3d24) Importer(815301076,1909f56bfc062723c751e8b465ee728b)
Start importing Assets/Resources/Materials/Fog.png using Guid(bd1ae2f5119a17f47aa1d53b188a3d24) Importer(815301076,1909f56bfc062723c751e8b465ee728b)  -> (artifact id: 'a258d3cf70e78baf090b4676de2cb17b') in 0.013299 seconds
  Import took 0.016178 seconds .

========================================================================
Received Import Request.
  Time since last request: 0.004487 seconds.
  path: Assets/Resources/Materials/Fog.png
  artifactKey: Guid(bd1ae2f5119a17f47aa1d53b188a3d24) Importer(815301076,1909f56bfc062723c751e8b465ee728b)
Start importing Assets/Resources/Materials/Fog.png using Guid(bd1ae2f5119a17f47aa1d53b188a3d24) Importer(815301076,1909f56bfc062723c751e8b465ee728b)  -> (artifact id: 'a258d3cf70e78baf090b4676de2cb17b') in 0.014115 seconds
  Import took 0.016500 seconds .

========================================================================
Received Prepare
Registering precompiled user dll's ...
Registered in 0.000953 seconds.
Begin MonoManager ReloadAssembly
Native extension for WindowsStandalone target not found
Refreshing native plugins compatible for Editor in 0.28 ms, found 0 plugins.
Preloading 0 native plugins for Editor in 0.00 ms.
Mono: successfully reloaded assembly
- Completed reload, in  0.703 seconds
Platform modules already initialized, skipping
Refreshing native plugins compatible for Editor in 0.30 ms, found 0 plugins.
Preloading 0 native plugins for Editor in 0.00 ms.
Unloading 1356 Unused Serialized files (Serialized files now loaded: 0)
System memory in use before: 163.2 MB.
System memory in use after: 163.3 MB.

Unloading 7 unused Assets to reduce memory usage. Loaded Objects now: 1922.
Total: 1.724800 ms (FindLiveObjects: 0.248200 ms CreateObjectMapping: 0.100400 ms MarkObjects: 1.300000 ms  DeleteObjects: 0.074800 ms)

========================================================================
Received Prepare
Registering precompiled user dll's ...
Registered in 0.000872 seconds.
Begin MonoManager ReloadAssembly
Native extension for WindowsStandalone target not found
Refreshing native plugins compatible for Editor in 0.27 ms, found 0 plugins.
Preloading 0 native plugins for Editor in 0.00 ms.
Mono: successfully reloaded assembly
- Completed reload, in  0.680 seconds
Platform modules already initialized, skipping
Refreshing native plugins compatible for Editor in 0.28 ms, found 0 plugins.
Preloading 0 native plugins for Editor in 0.00 ms.
Unloading 1356 Unused Serialized files (Serialized files now loaded: 0)
System memory in use before: 163.2 MB.
System memory in use after: 163.3 MB.

Unloading 7 unused Assets to reduce memory usage. Loaded Objects now: 1925.
Total: 1.595800 ms (FindLiveObjects: 0.160200 ms CreateObjectMapping: 0.044500 ms MarkObjects: 1.321000 ms  DeleteObjects: 0.069500 ms)

========================================================================
Received Import Request.
  Time since last request: 1679.059801 seconds.
  path: Assets/Resources/Materials/Fog.mat
  artifactKey: Guid(4adbcacf4a3bdc04da1bd5f6d9abb496) Importer(815301076,1909f56bfc062723c751e8b465ee728b)
Start importing Assets/Resources/Materials/Fog.mat using Guid(4adbcacf4a3bdc04da1bd5f6d9abb496) Importer(815301076,1909f56bfc062723c751e8b465ee728b)  -> (artifact id: '77bd72b74b116d87ee2856b4bc378f34') in 0.052486 seconds
  Import took 0.055026 seconds .

AssetImportWorkerClient::OnTransportError - code=2 error=End of file
